# JRE version: Java(TM) SE Runtime Environment (7.0_75-b13) (build 1.7.0_75-b13)
# Java VM: Java HotSpot(TM) Client VM (24.75-b04 mixed mode windows-x86 )
Heap
 def new generation   total 9792K, used 5417K [0x05000000, 0x05aa0000, 0x0a550000)
  eden space 8704K,  53% used [0x05000000, 0x05481688, 0x05880000)
  from space 1088K,  73% used [0x05880000, 0x05949048, 0x05990000)
  to   space 1088K,   0% used [0x05990000, 0x05990000, 0x05aa0000)
 tenured generation   total 21624K, used 17797K [0x0a550000, 0x0ba6e000, 0x15000000)
   the space 21624K,  82% used [0x0a550000, 0x0b6b1418, 0x0b6b1600, 0x0ba6e000)
 compacting perm gen  total 12288K, used 8169K [0x15000000, 0x15c00000, 0x19000000)
   the space 12288K,  66% used [0x15000000, 0x157fa760, 0x157fa800, 0x15c00000)
GC Heap History (10 events):
Event: 0.909 GC heap before
{Heap before GC invocations=8 (full 0):
 def new generation   total 4928K, used 4928K [0x05000000, 0x05550000, 0x0a550000)
  eden space 4416K, 100% used [0x05000000, 0x05450000, 0x05450000)
  from space 512K, 100% used [0x05450000, 0x054d0000, 0x054d0000)
  to   space 512K,   0% used [0x054d0000, 0x054d0000, 0x05550000)
 tenured generation   total 10944K, used 5474K [0x0a550000, 0x0b000000, 0x15000000)
   the space 10944K,  50% used [0x0a550000, 0x0aaa88a0, 0x0aaa8a00, 0x0b000000)
 compacting perm gen  total 12288K, used 6993K [0x15000000, 0x15c00000, 0x19000000)
   the space 12288K,  56% used [0x15000000, 0x156d4480, 0x156d4600, 0x15c00000)
No shared spaces configured.
Event: 0.914 GC heap after
Heap after GC invocations=9 (full 0):
 def new generation   total 4928K, used 512K [0x05000000, 0x05550000, 0x0a550000)
  eden space 4416K,   0% used [0x05000000, 0x05000000, 0x05450000)
  from space 512K, 100% used [0x054d0000, 0x05550000, 0x05550000)
  to   space 512K,   0% used [0x05450000, 0x05450000, 0x054d0000)
 tenured generation   total 10944K, used 8405K [0x0a550000, 0x0b000000, 0x15000000)
   the space 10944K,  76% used [0x0a550000, 0x0ad85470, 0x0ad85600, 0x0b000000)
 compacting perm gen  total 12288K, used 6993K [0x15000000, 0x15c00000, 0x19000000)
   the space 12288K,  56% used [0x15000000, 0x156d4480, 0x156d4600, 0x15c00000)
No shared spaces configured.
}
Event: 0.925 GC heap before
{Heap before GC invocations=9 (full 0):
 def new generation   total 4928K, used 2987K [0x05000000, 0x05550000, 0x0a550000)
  eden space 4416K,  56% used [0x05000000, 0x0526aff0, 0x05450000)
  from space 512K, 100% used [0x054d0000, 0x05550000, 0x05550000)
  to   space 512K,   0% used [0x05450000, 0x05450000, 0x054d0000)
 tenured generation   total 10944K, used 8405K [0x0a550000, 0x0b000000, 0x15000000)
   the space 10944K,  76% used [0x0a550000, 0x0ad85470, 0x0ad85600, 0x0b000000)
 compacting perm gen  total 12288K, used 6993K [0x15000000, 0x15c00000, 0x19000000)
   the space 12288K,  56% used [0x15000000, 0x156d4480, 0x156d4600, 0x15c00000)
No shared spaces configured.
Event: 0.928 GC heap after
Heap after GC invocations=10 (full 0):
 def new generation   total 4928K, used 511K [0x05000000, 0x05550000, 0x0a550000)
  eden space 4416K,   0% used [0x05000000, 0x05000000, 0x05450000)
  from space 512K,  99% used [0x05450000, 0x054cfff8, 0x054d0000)
  to   space 512K,   0% used [0x054d0000, 0x054d0000, 0x05550000)
 tenured generation   total 10944K, used 9734K [0x0a550000, 0x0b000000, 0x15000000)
   the space 10944K,  88% used [0x0a550000, 0x0aed18a8, 0x0aed1a00, 0x0b000000)
 compacting perm gen  total 12288K, used 6993K [0x15000000, 0x15c00000, 0x19000000)
   the space 12288K,  56% used [0x15000000, 0x156d4480, 0x156d4600, 0x15c00000)
No shared spaces configured.
}
Event: 0.933 GC heap before
{Heap before GC invocations=10 (full 0):
 def new generation   total 4928K, used 4927K [0x05000000, 0x05550000, 0x0a550000)
  eden space 4416K, 100% used [0x05000000, 0x05450000, 0x05450000)
  from space 512K,  99% used [0x05450000, 0x054cfff8, 0x054d0000)
  to   space 512K,   0% used [0x054d0000, 0x054d0000, 0x05550000)
 tenured generation   total 10944K, used 9734K [0x0a550000, 0x0b000000, 0x15000000)
   the space 10944K,  88% used [0x0a550000, 0x0aed18a8, 0x0aed1a00, 0x0b000000)
 compacting perm gen  total 12288K, used 6993K [0x15000000, 0x15c00000, 0x19000000)
   the space 12288K,  56% used [0x15000000, 0x156d4480, 0x156d4600, 0x15c00000)
No shared spaces configured.
Event: 0.960 GC heap after
Heap after GC invocations=11 (full 1):
 def new generation   total 9792K, used 0K [0x05000000, 0x05aa0000, 0x0a550000)
  eden space 8704K,   0% used [0x05000000, 0x05000000, 0x05880000)
  from space 1088K,   0% used [0x05880000, 0x05880000, 0x05990000)
  to   space 1088K,   0% used [0x05990000, 0x05990000, 0x05aa0000)
 tenured generation   total 21624K, used 12974K [0x0a550000, 0x0ba6e000, 0x15000000)
   the space 21624K,  59% used [0x0a550000, 0x0b1fb970, 0x0b1fba00, 0x0ba6e000)
 compacting perm gen  total 12288K, used 6993K [0x15000000, 0x15c00000, 0x19000000)
   the space 12288K,  56% used [0x15000000, 0x156d4480, 0x156d4600, 0x15c00000)
No shared spaces configured.
}
Event: 1.090 GC heap before
{Heap before GC invocations=11 (full 1):
 def new generation   total 9792K, used 8704K [0x05000000, 0x05aa0000, 0x0a550000)
  eden space 8704K, 100% used [0x05000000, 0x05880000, 0x05880000)
  from space 1088K,   0% used [0x05880000, 0x05880000, 0x05990000)
  to   space 1088K,   0% used [0x05990000, 0x05990000, 0x05aa0000)
 tenured generation   total 21624K, used 12974K [0x0a550000, 0x0ba6e000, 0x15000000)
   the space 21624K,  59% used [0x0a550000, 0x0b1fb970, 0x0b1fba00, 0x0ba6e000)
 compacting perm gen  total 12288K, used 7007K [0x15000000, 0x15c00000, 0x19000000)
   the space 12288K,  57% used [0x15000000, 0x156d7f28, 0x156d8000, 0x15c00000)
No shared spaces configured.
Event: 1.098 GC heap after
Heap after GC invocations=12 (full 1):
 def new generation   total 9792K, used 1088K [0x05000000, 0x05aa0000, 0x0a550000)
  eden space 8704K,   0% used [0x05000000, 0x05000000, 0x05880000)
  from space 1088K, 100% used [0x05990000, 0x05aa0000, 0x05aa0000)
  to   space 1088K,   0% used [0x05880000, 0x05880000, 0x05990000)
 tenured generation   total 21624K, used 16712K [0x0a550000, 0x0ba6e000, 0x15000000)
   the space 21624K,  77% used [0x0a550000, 0x0b5a20a8, 0x0b5a2200, 0x0ba6e000)
 compacting perm gen  total 12288K, used 7007K [0x15000000, 0x15c00000, 0x19000000)
   the space 12288K,  57% used [0x15000000, 0x156d7f28, 0x156d8000, 0x15c00000)
No shared spaces configured.
}
Event: 5.995 GC heap before
{Heap before GC invocations=12 (full 1):
 def new generation   total 9792K, used 9792K [0x05000000, 0x05aa0000, 0x0a550000)
  eden space 8704K, 100% used [0x05000000, 0x05880000, 0x05880000)
  from space 1088K, 100% used [0x05990000, 0x05aa0000, 0x05aa0000)
  to   space 1088K,   0% used [0x05880000, 0x05880000, 0x05990000)
 tenured generation   total 21624K, used 16712K [0x0a550000, 0x0ba6e000, 0x15000000)
   the space 21624K,  77% used [0x0a550000, 0x0b5a20a8, 0x0b5a2200, 0x0ba6e000)
 compacting perm gen  total 12288K, used 7830K [0x15000000, 0x15c00000, 0x19000000)
   the space 12288K,  63% used [0x15000000, 0x157a5a00, 0x157a5a00, 0x15c00000)
No shared spaces configured.
Event: 5.999 GC heap after
Heap after GC invocations=13 (full 1):
 def new generation   total 9792K, used 804K [0x05000000, 0x05aa0000, 0x0a550000)
  eden space 8704K,   0% used [0x05000000, 0x05000000, 0x05880000)
  from space 1088K,  73% used [0x05880000, 0x05949048, 0x05990000)
  to   space 1088K,   0% used [0x05990000, 0x05990000, 0x05aa0000)
 tenured generation   total 21624K, used 17797K [0x0a550000, 0x0ba6e000, 0x15000000)
   the space 21624K,  82% used [0x0a550000, 0x0b6b1418, 0x0b6b1600, 0x0ba6e000)
 compacting perm gen  total 12288K, used 7830K [0x15000000, 0x15c00000, 0x19000000)
   the space 12288K,  63% used [0x15000000, 0x157a5a00, 0x157a5a00, 0x15c00000)
No shared spaces configured.
}

